# JRE version: Java(TM) SE Runtime Environment (8.0_144-b01) (build 1.8.0_144-b01)
# Java VM: Java HotSpot(TM) 64-Bit Server VM (25.144-b01 mixed mode windows-amd64 compressed oops)
Heap:
 PSYoungGen      total 421376K, used 71928K [0x00000000e0000000, 0x0000000100000000, 0x0000000100000000)
  eden space 317440K, 22% used [0x00000000e0000000,0x00000000e4616338,0x00000000f3600000)
  from space 103936K, 0% used [0x00000000f9a80000,0x00000000f9aa8000,0x0000000100000000)
  to   space 102912K, 0% used [0x00000000f3600000,0x00000000f3600000,0x00000000f9a80000)
 ParOldGen       total 409088K, used 209919K [0x00000000a0000000, 0x00000000b8f80000, 0x00000000e0000000)
  object space 409088K, 51% used [0x00000000a0000000,0x00000000accfff18,0x00000000b8f80000)
 Metaspace       used 114641K, capacity 120744K, committed 128896K, reserved 1161216K
  class space    used 14192K, capacity 15361K, committed 16768K, reserved 1048576K
GC Heap History (10 events):
Event: 12323.274 GC heap before
{Heap before GC invocations=57 (full 6):
 PSYoungGen      total 422912K, used 377676K [0x00000000e0000000, 0x00000000ff480000, 0x0000000100000000)
  eden space 346624K, 100% used [0x00000000e0000000,0x00000000f5280000,0x00000000f5280000)
  from space 76288K, 40% used [0x00000000faa00000,0x00000000fc8532e0,0x00000000ff480000)
  to   space 82944K, 0% used [0x00000000f5280000,0x00000000f5280000,0x00000000fa380000)
 ParOldGen       total 326144K, used 247081K [0x00000000a0000000, 0x00000000b3e80000, 0x00000000e0000000)
  object space 326144K, 75% used [0x00000000a0000000,0x00000000af14a498,0x00000000b3e80000)
 Metaspace       used 120101K, capacity 127604K, committed 128000K, reserved 1161216K
  class space    used 14984K, capacity 16543K, committed 16640K, reserved 1048576K
Event: 12323.365 GC heap after
Heap after GC invocations=57 (full 6):
 PSYoungGen      total 429568K, used 7288K [0x00000000e0000000, 0x0000000100000000, 0x0000000100000000)
  eden space 346624K, 0% used [0x00000000e0000000,0x00000000e0000000,0x00000000f5280000)
  from space 82944K, 8% used [0x00000000f5280000,0x00000000f599e3b8,0x00000000fa380000)
  to   space 81408K, 0% used [0x00000000fb080000,0x00000000fb080000,0x0000000100000000)
 ParOldGen       total 326144K, used 258351K [0x00000000a0000000, 0x00000000b3e80000, 0x00000000e0000000)
  object space 326144K, 79% used [0x00000000a0000000,0x00000000afc4bcc0,0x00000000b3e80000)
 Metaspace       used 120101K, capacity 127604K, committed 128000K, reserved 1161216K
  class space    used 14984K, capacity 16543K, committed 16640K, reserved 1048576K
}
Event: 12324.775 GC heap before
{Heap before GC invocations=58 (full 6):
 PSYoungGen      total 429568K, used 353912K [0x00000000e0000000, 0x0000000100000000, 0x0000000100000000)
  eden space 346624K, 100% used [0x00000000e0000000,0x00000000f5280000,0x00000000f5280000)
  from space 82944K, 8% used [0x00000000f5280000,0x00000000f599e3b8,0x00000000fa380000)
  to   space 81408K, 0% used [0x00000000fb080000,0x00000000fb080000,0x0000000100000000)
 ParOldGen       total 326144K, used 258351K [0x00000000a0000000, 0x00000000b3e80000, 0x00000000e0000000)
  object space 326144K, 79% used [0x00000000a0000000,0x00000000afc4bcc0,0x00000000b3e80000)
 Metaspace       used 120118K, capacity 127674K, committed 128000K, reserved 1161216K
  class space    used 14984K, capacity 16544K, committed 16640K, reserved 1048576K
Event: 12325.289 GC heap after
Heap after GC invocations=58 (full 6):
 PSYoungGen      total 414208K, used 81139K [0x00000000e0000000, 0x0000000100000000, 0x0000000100000000)
  eden space 332800K, 0% used [0x00000000e0000000,0x00000000e0000000,0x00000000f4500000)
  from space 81408K, 99% used [0x00000000fb080000,0x00000000fffbcef0,0x0000000100000000)
  to   space 95744K, 0% used [0x00000000f4500000,0x00000000f4500000,0x00000000fa280000)
 ParOldGen       total 326144K, used 260284K [0x00000000a0000000, 0x00000000b3e80000, 0x00000000e0000000)
  object space 326144K, 79% used [0x00000000a0000000,0x00000000afe2f3b0,0x00000000b3e80000)
 Metaspace       used 120118K, capacity 127674K, committed 128000K, reserved 1161216K
  class space    used 14984K, capacity 16544K, committed 16640K, reserved 1048576K
}
Event: 12330.410 GC heap before
{Heap before GC invocations=59 (full 6):
 PSYoungGen      total 414208K, used 413939K [0x00000000e0000000, 0x0000000100000000, 0x0000000100000000)
  eden space 332800K, 100% used [0x00000000e0000000,0x00000000f4500000,0x00000000f4500000)
  from space 81408K, 99% used [0x00000000fb080000,0x00000000fffbcef0,0x0000000100000000)
  to   space 95744K, 0% used [0x00000000f4500000,0x00000000f4500000,0x00000000fa280000)
 ParOldGen       total 326144K, used 260284K [0x00000000a0000000, 0x00000000b3e80000, 0x00000000e0000000)
  object space 326144K, 79% used [0x00000000a0000000,0x00000000afe2f3b0,0x00000000b3e80000)
 Metaspace       used 120918K, capacity 128754K, committed 128896K, reserved 1161216K
  class space    used 15106K, capacity 16716K, committed 16768K, reserved 1048576K
Event: 12332.809 GC heap after
Heap after GC invocations=59 (full 6):
 PSYoungGen      total 403456K, used 70481K [0x00000000e0000000, 0x0000000100000000, 0x0000000100000000)
  eden space 332800K, 0% used [0x00000000e0000000,0x00000000e0000000,0x00000000f4500000)
  from space 70656K, 99% used [0x00000000f4500000,0x00000000f89d4610,0x00000000f8a00000)
  to   space 103936K, 0% used [0x00000000f9a80000,0x00000000f9a80000,0x0000000100000000)
 ParOldGen       total 326144K, used 313009K [0x00000000a0000000, 0x00000000b3e80000, 0x00000000e0000000)
  object space 326144K, 95% used [0x00000000a0000000,0x00000000b31ac738,0x00000000b3e80000)
 Metaspace       used 120918K, capacity 128754K, committed 128896K, reserved 1161216K
  class space    used 15106K, capacity 16716K, committed 16768K, reserved 1048576K
}
Event: 12332.809 GC heap before
{Heap before GC invocations=60 (full 7):
 PSYoungGen      total 403456K, used 70481K [0x00000000e0000000, 0x0000000100000000, 0x0000000100000000)
  eden space 332800K, 0% used [0x00000000e0000000,0x00000000e0000000,0x00000000f4500000)
  from space 70656K, 99% used [0x00000000f4500000,0x00000000f89d4610,0x00000000f8a00000)
  to   space 103936K, 0% used [0x00000000f9a80000,0x00000000f9a80000,0x0000000100000000)
 ParOldGen       total 326144K, used 313009K [0x00000000a0000000, 0x00000000b3e80000, 0x00000000e0000000)
  object space 326144K, 95% used [0x00000000a0000000,0x00000000b31ac738,0x00000000b3e80000)
 Metaspace       used 120918K, capacity 128754K, committed 128896K, reserved 1161216K
  class space    used 15106K, capacity 16716K, committed 16768K, reserved 1048576K
Event: 12346.333 GC heap after
Heap after GC invocations=60 (full 7):
 PSYoungGen      total 403456K, used 0K [0x00000000e0000000, 0x0000000100000000, 0x0000000100000000)
  eden space 332800K, 0% used [0x00000000e0000000,0x00000000e0000000,0x00000000f4500000)
  from space 70656K, 0% used [0x00000000f4500000,0x00000000f4500000,0x00000000f8a00000)
  to   space 103936K, 0% used [0x00000000f9a80000,0x00000000f9a80000,0x0000000100000000)
 ParOldGen       total 409088K, used 209919K [0x00000000a0000000, 0x00000000b8f80000, 0x00000000e0000000)
  object space 409088K, 51% used [0x00000000a0000000,0x00000000accfff18,0x00000000b8f80000)
 Metaspace       used 114637K, capacity 120732K, committed 128896K, reserved 1161216K
  class space    used 14191K, capacity 15359K, committed 16768K, reserved 1048576K
}
Event: 12346.559 GC heap before
{Heap before GC invocations=61 (full 7):
 PSYoungGen      total 403456K, used 332800K [0x00000000e0000000, 0x0000000100000000, 0x0000000100000000)
  eden space 332800K, 100% used [0x00000000e0000000,0x00000000f4500000,0x00000000f4500000)
  from space 70656K, 0% used [0x00000000f4500000,0x00000000f4500000,0x00000000f8a00000)
  to   space 103936K, 0% used [0x00000000f9a80000,0x00000000f9a80000,0x0000000100000000)
 ParOldGen       total 409088K, used 209919K [0x00000000a0000000, 0x00000000b8f80000, 0x00000000e0000000)
  object space 409088K, 51% used [0x00000000a0000000,0x00000000accfff18,0x00000000b8f80000)
 Metaspace       used 114637K, capacity 120732K, committed 128896K, reserved 1161216K
  class space    used 14191K, capacity 15359K, committed 16768K, reserved 1048576K
Event: 12346.564 GC heap after
Heap after GC invocations=61 (full 7):
 PSYoungGen      total 421376K, used 160K [0x00000000e0000000, 0x0000000100000000, 0x0000000100000000)
  eden space 317440K, 0% used [0x00000000e0000000,0x00000000e0000000,0x00000000f3600000)
  from space 103936K, 0% used [0x00000000f9a80000,0x00000000f9aa8000,0x0000000100000000)
  to   space 102912K, 0% used [0x00000000f3600000,0x00000000f3600000,0x00000000f9a80000)
 ParOldGen       total 409088K, used 209919K [0x00000000a0000000, 0x00000000b8f80000, 0x00000000e0000000)
  object space 409088K, 51% used [0x00000000a0000000,0x00000000accfff18,0x00000000b8f80000)
 Metaspace       used 114637K, capacity 120732K, committed 128896K, reserved 1161216K
  class space    used 14191K, capacity 15359K, committed 16768K, reserved 1048576K
}

